\BOOKMARK [0][-]{chapter.1}{\376\377\176\352\213\272}{}% 1
\BOOKMARK [1][-]{section.1.1}{\376\377\170\024\172\166\200\314\146\157}{chapter.1}% 2
\BOOKMARK [1][-]{section.1.2}{\376\377\170\024\172\166\141\017\116\111}{chapter.1}% 3
\BOOKMARK [1][-]{section.1.3}{\376\377\126\375\121\205\131\026\170\024\172\166\163\260\162\266}{chapter.1}% 4
\BOOKMARK [1][-]{section.1.4}{\376\377\121\163\225\056\225\356\230\230\124\214\170\024\172\166\226\276\160\271}{chapter.1}% 5
\BOOKMARK [2][-]{subsection.1.4.1}{\376\377\121\163\225\056\225\356\230\230}{section.1.4}% 6
\BOOKMARK [2][-]{subsection.1.4.2}{\376\377\170\024\172\166\226\276\160\271}{section.1.4}% 7
\BOOKMARK [1][-]{section.1.5}{\376\377\170\024\172\166\121\205\133\271\116\016\176\304\176\307\176\323\147\204}{chapter.1}% 8
\BOOKMARK [2][-]{subsection.1.5.1}{\376\377\170\024\172\166\121\205\133\271}{section.1.5}% 9
\BOOKMARK [2][-]{subsection.1.5.2}{\376\377\213\272\145\207\176\304\176\307\176\323\147\204}{section.1.5}% 10
\BOOKMARK [0][-]{chapter.2}{\376\377\116\373\122\241\133\232\116\111\123\312\213\304\116\367\145\271\154\325}{}% 11
\BOOKMARK [1][-]{section.2.1}{\376\377\116\373\122\241\133\232\116\111}{chapter.2}% 12
\BOOKMARK [2][-]{subsection.2.1.1}{\376\377\173\124\150\110\220\011\142\351\116\373\122\241\133\232\116\111}{section.2.1}% 13
\BOOKMARK [2][-]{subsection.2.1.2}{\376\377\225\356\123\345\131\015\217\360\213\306\122\053\116\373\122\241\133\232\116\111}{section.2.1}% 14
\BOOKMARK [1][-]{section.2.2}{\376\377\213\355\145\231\215\104\156\220\151\202\217\360}{chapter.2}% 15
\BOOKMARK [2][-]{subsection.2.2.1}{\376\377\173\124\150\110\220\011\142\351\145\160\143\156\226\306\000W\000P\000Q\000A\124\214\000T\000r\000e\000c\000-\000Q\000A}{section.2.2}% 16
\BOOKMARK [2][-]{subsection.2.2.2}{\376\377\225\356\230\230\131\015\217\360\145\160\143\156\226\306\000L\000C\000Q\000M\000C\377\014\000B\000Q\124\214\000Q\000Q\000P}{section.2.2}% 17
\BOOKMARK [1][-]{section.2.3}{\376\377\140\047\200\375\213\304\116\367\143\007\150\007}{chapter.2}% 18
\BOOKMARK [2][-]{subsection.2.3.1}{\376\377\136\163\127\107\123\026\174\276\136\246\127\107\120\074\000M\000A\000P}{section.2.3}% 19
\BOOKMARK [2][-]{subsection.2.3.2}{\376\377\136\163\127\107\123\026\120\022\145\160\143\222\136\217\000M\000R\000R}{section.2.3}% 20
\BOOKMARK [2][-]{subsection.2.3.3}{\376\377\121\306\170\156\163\207\000A\000c\000c}{section.2.3}% 21
\BOOKMARK [2][-]{subsection.2.3.4}{\376\377\000F\0001\120\074}{section.2.3}% 22
\BOOKMARK [2][-]{subsection.2.3.5}{\376\377\176\337\213\241\146\076\204\127\140\047\150\300\232\214\143\007\150\007\000P\000-\000v\000a\000l\000u\000e}{section.2.3}% 23
\BOOKMARK [1][-]{section.2.4}{\376\377\147\054\172\340\134\017\202\202}{chapter.2}% 24
\BOOKMARK [0][-]{chapter.3}{\376\377\227\142\124\021\227\136\116\213\133\236\140\047\173\124\150\110\220\011\142\351\116\373\122\241\166\204\123\314\174\222\136\246\133\371\142\227\213\255\176\303\145\271\154\325\170\024\172\166}{}% 25
\BOOKMARK [1][-]{section.3.1}{\376\377\137\025\212\000}{chapter.3}% 26
\BOOKMARK [1][-]{section.3.2}{\376\377\174\373\176\337\150\106\147\266\123\312\116\073\211\201\170\024\172\166\121\205\133\271}{chapter.3}% 27
\BOOKMARK [2][-]{subsection.3.2.1}{\376\377\173\124\150\110\220\011\142\351\152\041\127\213\140\073\117\123\147\266\147\204}{section.3.2}% 28
\BOOKMARK [2][-]{subsection.3.2.2}{\376\377\133\371\142\227\150\067\147\054\165\037\142\020\145\271\154\325}{section.3.2}% 29
\BOOKMARK [2][-]{subsection.3.2.3}{\376\377\201\352\220\002\136\224\133\371\142\227\213\255\176\303\145\271\154\325}{section.3.2}% 30
\BOOKMARK [1][-]{section.3.3}{\376\377\133\236\232\214\123\312\176\323\147\234\122\006\147\220}{chapter.3}% 31
\BOOKMARK [2][-]{subsection.3.3.1}{\376\377\145\160\143\156\226\306\060\001\213\304\116\367\145\271\154\325\116\016\215\205\123\302\213\276\177\156}{section.3.3}% 32
\BOOKMARK [2][-]{subsection.3.3.2}{\376\377\122\115\154\277\145\271\154\325\116\313\176\315}{section.3.3}% 33
\BOOKMARK [2][-]{subsection.3.3.3}{\376\377\133\371\153\324\133\236\232\214\123\312\122\006\147\220}{section.3.3}% 34
\BOOKMARK [2][-]{subsection.3.3.4}{\376\377\146\076\204\127\140\047\122\006\147\220}{section.3.3}% 35
\BOOKMARK [2][-]{subsection.3.3.5}{\376\377\133\120\123\345\143\137\131\061\173\126\165\145\166\204\140\047\200\375\122\006\147\220}{section.3.3}% 36
\BOOKMARK [1][-]{section.3.4}{\376\377\147\054\172\340\134\017\176\323}{chapter.3}% 37
\BOOKMARK [0][-]{chapter.4}{\376\377\227\142\124\021\225\356\230\230\131\015\217\360\213\306\122\053\166\204\133\232\124\021\145\160\143\156\130\236\137\072\145\271\154\325}{}% 38
\BOOKMARK [1][-]{section.4.1}{\376\377\137\025\212\000}{chapter.4}% 39
\BOOKMARK [1][-]{section.4.2}{\376\377\174\373\176\337\150\106\147\266\123\312\116\073\211\201\170\024\172\166\121\205\133\271}{chapter.4}% 40
\BOOKMARK [2][-]{subsection.4.2.1}{\376\377\140\073\117\123\176\323\147\204}{section.4.2}% 41
\BOOKMARK [2][-]{subsection.4.2.2}{\376\377\133\232\124\021\225\356\230\230\165\037\142\020}{section.4.2}% 42
\BOOKMARK [2][-]{subsection.4.2.3}{\376\377\150\007\173\176\117\356\153\143}{section.4.2}% 43
\BOOKMARK [1][-]{section.4.3}{\376\377\133\236\232\214\123\312\176\323\147\234\122\006\147\220}{chapter.4}% 44
\BOOKMARK [2][-]{subsection.4.3.1}{\376\377\145\160\143\156\226\306\116\016\213\304\116\367\145\271\154\325}{section.4.3}% 45
\BOOKMARK [2][-]{subsection.4.3.2}{\376\377\127\372\176\277\152\041\127\213\116\016\215\205\123\302\213\276\177\156}{section.4.3}% 46
\BOOKMARK [2][-]{subsection.4.3.3}{\376\377\133\232\124\021\145\160\143\156\130\236\137\072\377\010\000D\000D\000A\377\011\133\236\232\214\122\006\147\220}{section.4.3}% 47
\BOOKMARK [2][-]{subsection.4.3.4}{\376\377\150\007\173\176\117\356\153\143\173\126\165\145\122\006\147\220}{section.4.3}% 48
\BOOKMARK [2][-]{subsection.4.3.5}{\376\377\213\255\176\303\226\306\211\304\152\041\133\236\232\214\122\006\147\220}{section.4.3}% 49
\BOOKMARK [2][-]{subsection.4.3.6}{\376\377\146\076\204\127\140\047\122\006\147\220}{section.4.3}% 50
\BOOKMARK [1][-]{section.4.4}{\376\377\147\054\172\340\134\017\176\323}{chapter.4}% 51
\BOOKMARK [0][-]{chapter.5}{\376\377\227\142\124\021\225\356\230\230\131\015\217\360\213\306\122\053\166\204\152\041\127\213\176\374\124\010\200\375\122\233\234\201\150\322\140\047\170\024\172\166}{}% 52
\BOOKMARK [1][-]{section.5.1}{\376\377\137\025\212\000}{chapter.5}% 53
\BOOKMARK [1][-]{section.5.2}{\376\377\000C\000Q\000M\000r\000o\000b\000u\000s\000t\117\123\174\373\176\323\147\204}{chapter.5}% 54
\BOOKMARK [2][-]{subsection.5.2.1}{\376\377\213\315\154\325\162\171\137\201}{section.5.2}% 55
\BOOKMARK [2][-]{subsection.5.2.2}{\376\377\123\345\154\325\162\171\137\201}{section.5.2}% 56
\BOOKMARK [2][-]{subsection.5.2.3}{\376\377\213\355\130\203\162\171\137\201}{section.5.2}% 57
\BOOKMARK [1][-]{section.5.3}{\376\377\000C\000Q\000M\000r\000o\000b\000u\000s\000t\145\160\143\156\147\204\220\040\145\271\150\110}{chapter.5}% 58
\BOOKMARK [2][-]{subsection.5.3.1}{\376\377\156\220\225\356\230\230\230\204\131\004\164\006}{section.5.3}% 59
\BOOKMARK [2][-]{subsection.5.3.2}{\376\377\213\355\212\000\133\146\142\160\122\250}{section.5.3}% 60
\BOOKMARK [2][-]{subsection.5.3.3}{\376\377\201\352\161\066\123\026\150\300\147\345}{section.5.3}% 61
\BOOKMARK [2][-]{subsection.5.3.4}{\376\377\116\272\135\345\150\007\154\350}{section.5.3}% 62
\BOOKMARK [1][-]{section.5.4}{\376\377\133\236\232\214\123\312\176\323\147\234\122\006\147\220}{chapter.5}% 63
\BOOKMARK [2][-]{subsection.5.4.1}{\376\377\145\160\143\156\226\306\116\016\213\304\116\367\145\271\154\325}{section.5.4}% 64
\BOOKMARK [2][-]{subsection.5.4.2}{\376\377\127\372\176\277\152\041\127\213\116\016\215\205\123\302\213\276\177\156}{section.5.4}% 65
\BOOKMARK [2][-]{subsection.5.4.3}{\376\377\000C\000Q\000M\000r\000o\000b\000u\000s\000t\213\304\117\060\176\323\147\234\122\006\147\220}{section.5.4}% 66
\BOOKMARK [2][-]{subsection.5.4.4}{\376\377\133\371\142\227\213\255\176\303\122\006\147\220}{section.5.4}% 67
\BOOKMARK [1][-]{section.5.5}{\376\377\147\054\172\340\134\017\176\323}{chapter.5}% 68
\BOOKMARK [0][-]{chapter.6}{\376\377\140\073\176\323\116\016\134\125\147\033}{}% 69
\BOOKMARK [1][-]{section.6.1}{\376\377\135\345\117\134\140\073\176\323}{chapter.6}% 70
\BOOKMARK [1][-]{section.6.2}{\376\377\135\345\117\134\134\125\147\033}{chapter.6}% 71
\BOOKMARK [0][-]{section*.34}{\376\377\123\302\200\003\145\207\163\056}{}% 72
\BOOKMARK [0][-]{chapter*.35}{\376\377\145\073\213\373\133\146\117\115\147\037\225\364\166\204\142\020\147\234}{}% 73
\BOOKMARK [0][-]{chapter*.36}{\376\377\201\364\214\042}{}% 74
